<?xml version="1.0" encoding="UTF-8"?>
<!-- Generated by org.testng.reporters.JUnitReportReporter -->
<testsuite hostname="LAPTOP-IH22489I" failures="0" tests="1" name="com.appiumproject.SwipeDemo" time="4.399" errors="0" timestamp="2022-11-26T17:01:59 PST" skipped="0">
  <testcase classname="com.appiumproject.SwipeDemo" name="swipeDemo" time="4.399"/>
  <system-out/>
</testsuite> <!-- com.appiumproject.SwipeDemo -->
