<?xml version="1.0" encoding="UTF-8"?>
<!-- Generated by org.testng.reporters.JUnitReportReporter -->
<testsuite hostname="LAPTOP-IH22489I" failures="0" tests="1" name="com.rajdhakal.endtoendtest.FillForm" time="8.796" errors="0" timestamp="2024-01-10T07:43:13 PST" skipped="0">
  <testcase classname="com.rajdhakal.endtoendtest.FillForm" name="fillForm" time="8.796"/>
  <system-out/>
</testsuite> <!-- com.rajdhakal.endtoendtest.FillForm -->
