<?xml version="1.0" encoding="UTF-8"?>
<!-- Generated by org.testng.reporters.JUnitReportReporter -->
<testsuite hostname="LAPTOP-IH22489I" failures="0" tests="1" name="com.rajdhakal.endtoendtest.SelectProduct" time="31.145" errors="0" timestamp="2024-01-18T22:16:25 PST" skipped="0">
  <testcase classname="com.rajdhakal.endtoendtest.SelectProduct" name="selectProduct" time="31.145"/>
  <system-out/>
</testsuite> <!-- com.rajdhakal.endtoendtest.SelectProduct -->
