<?xml version="1.0" encoding="UTF-8"?>
<!-- Generated by org.testng.reporters.JUnitReportReporter -->
<testsuite hostname="LAPTOP-IH22489I" failures="0" tests="1" name="com.rajdhakal.appiumdemo.ExtendReportDemo" time="0.220" errors="0" timestamp="2024-01-24T21:02:29 PST" skipped="0">
  <testcase classname="com.rajdhakal.appiumdemo.ExtendReportDemo" name="config" time="0.220"/>
  <system-out/>
</testsuite> <!-- com.rajdhakal.appiumdemo.ExtendReportDemo -->
