<?xml version="1.0" encoding="UTF-8"?>
<!-- Generated by org.testng.reporters.JUnitReportReporter -->
<testsuite hostname="LAPTOP-IH22489I" failures="0" tests="2" name="com.rajdhakal.robustappiumframework.WriteTestCasesLogically" time="0.002" errors="0" timestamp="2024-01-24T19:03:51 PST" skipped="0">
  <testcase classname="com.rajdhakal.robustappiumframework.WriteTestCasesLogically" name="fillFormWithCorrectInfo" time="0.001"/>
  <system-out/>
  <testcase classname="com.rajdhakal.robustappiumframework.WriteTestCasesLogically" name="fillFormErrorValidation" time="0.001"/>
  <system-out/>
</testsuite> <!-- com.rajdhakal.robustappiumframework.WriteTestCasesLogically -->
