<?xml version="1.0" encoding="UTF-8"?>
<!-- Generated by org.testng.reporters.JUnitReportReporter -->
<testsuite hostname="LAPTOP-IH22489I" failures="0" tests="2" name="com.rajdhakal.robustappiumframework.FrontPageUsingDataProvider" time="58.825" errors="0" timestamp="2024-01-24T16:22:15 PST" skipped="0">
  <testcase classname="com.rajdhakal.robustappiumframework.FrontPageUsingDataProvider" name="fillFormWithDataProvider" time="9.749"/>
  <system-out/>
  <testcase classname="com.rajdhakal.robustappiumframework.FrontPageUsingDataProvider" name="fillFormWithDataProvider" time="49.076"/>
  <system-out/>
</testsuite> <!-- com.rajdhakal.robustappiumframework.FrontPageUsingDataProvider -->
