<?xml version="1.0" encoding="UTF-8"?>
<!-- Generated by org.testng.reporters.JUnitReportReporter -->
<testsuite hostname="LAPTOP-IH22489I" failures="0" tests="1" name="com.appiumproject.AppiumBasics" time="5.347" errors="0" timestamp="2022-11-25T16:54:29 PST" skipped="0">
  <testcase classname="com.appiumproject.AppiumBasics" name="wifisetting" time="5.347"/>
  <system-out/>
</testsuite> <!-- com.appiumproject.AppiumBasics -->
