<?xml version="1.0" encoding="UTF-8"?>
<!-- Generated by org.testng.reporters.JUnitReportReporter -->
<testsuite hostname="LAPTOP-IH22489I" failures="0" tests="1" name="com.rajdhakal.robustappiumframework.FrontPage" time="25.103" errors="0" timestamp="2024-01-24T19:03:51 PST" skipped="0">
  <testcase classname="com.rajdhakal.robustappiumframework.FrontPage" name="fillForm" time="25.103"/>
  <system-out/>
</testsuite> <!-- com.rajdhakal.robustappiumframework.FrontPage -->
