<?xml version="1.0" encoding="UTF-8"?>
<!-- Generated by org.testng.reporters.JUnitReportReporter -->
<testsuite hostname="LAPTOP-IH22489I" failures="0" tests="1" name="com.rajdhakal.endtoendtest.ToastMessage" time="9.767" errors="0" timestamp="2024-01-11T06:06:02 PST" skipped="0">
  <testcase classname="com.rajdhakal.endtoendtest.ToastMessage" name="toastMessage" time="9.767"/>
  <system-out/>
</testsuite> <!-- com.rajdhakal.endtoendtest.ToastMessage -->
