<?xml version="1.0" encoding="UTF-8"?>
<!-- Generated by org.testng.reporters.JUnitReportReporter -->
<testsuite hostname="LAPTOP-IH22489I" failures="0" tests="1" name="com.appiumproject.ScrollDemoTest" time="7.250" errors="0" timestamp="2022-11-25T18:52:22 PST" skipped="0">
  <testcase classname="com.appiumproject.ScrollDemoTest" name="scrollDemoTest" time="7.250"/>
  <system-out/>
</testsuite> <!-- com.appiumproject.ScrollDemoTest -->
