<?xml version="1.0" encoding="UTF-8"?>
<!-- Generated by org.testng.reporters.JUnitReportReporter -->
<testsuite hostname="LAPTOP-IH22489I" failures="0" tests="1" name="com.appiumproject.practice.AppiumReview" time="10.892" errors="0" timestamp="2023-12-17T21:53:12 PST" skipped="0">
  <testcase classname="com.appiumproject.practice.AppiumReview" name="AppiumTe" time="10.892"/>
  <system-out/>
</testsuite> <!-- com.appiumproject.practice.AppiumReview -->
